{
  "stats": {
    "suites": 1,
    "tests": 3,
    "passes": 1,
    "pending": 0,
    "failures": 2,
    "start": "2022-08-02T14:59:33.716Z",
    "end": "2022-08-02T15:00:07.350Z",
    "duration": 33634,
    "testsRegistered": 3,
    "passPercent": 33.33333333333333,
    "pendingPercent": 0,
    "other": 0,
    "hasOther": false,
    "skipped": 0,
    "hasSkipped": false
  },
  "results": [
    {
      "uuid": "0fdd0695-935e-4d95-b268-c37d7ff014f0",
      "title": "",
      "fullFile": "cypress/integration/08.DeleteExpense_spec.js",
      "file": "cypress/integration/08.DeleteExpense_spec.js",
      "beforeHooks": [],
      "afterHooks": [],
      "tests": [],
      "suites": [
        {
          "uuid": "2d4a5aaf-2559-4cee-a438-8774bf01f9cb",
          "title": "8 - Crie um botão para deletar uma despesa da tabela contendo as seguintes características:",
          "fullFile": "",
          "file": "",
          "beforeHooks": [],
          "afterHooks": [],
          "tests": [
            {
              "title": "O botão deve estar dentro do último item da linha da tabela e deve possuir `data-testid=\"delete-btn\"`",
              "fullTitle": "8 - Crie um botão para deletar uma despesa da tabela contendo as seguintes características: O botão deve estar dentro do último item da linha da tabela e deve possuir `data-testid=\"delete-btn\"`",
              "timedOut": null,
              "duration": 4270,
              "state": "passed",
              "speed": "fast",
              "pass": true,
              "fail": false,
              "pending": false,
              "context": null,
              "code": "cy.get('tbody tr').first().find('td').last().find(`button[data-testid=\"${_constants.BTN_DELETE_TEST_ID}\"]`).should('exist');\ncy.getByTestId(_constants.BTN_DELETE_TEST_ID).should('have.length', 2);",
              "err": {},
              "uuid": "e416a32a-ae73-4609-8115-f4e065b39eec",
              "parentUUID": "2d4a5aaf-2559-4cee-a438-8774bf01f9cb",
              "isHook": false,
              "skipped": false
            },
            {
              "title": "Ao ser clicado, o botão deleta a linha da tabela, alterando o estado global.",
              "fullTitle": "8 - Crie um botão para deletar uma despesa da tabela contendo as seguintes características: Ao ser clicado, o botão deleta a linha da tabela, alterando o estado global.",
              "timedOut": null,
              "duration": 13363,
              "state": "failed",
              "speed": null,
              "pass": false,
              "fail": true,
              "pending": false,
              "context": null,
              "code": "const expectedTableRow = ['Cinco euros', 'Lazer', 'Cartão de crédito', '5.00', 'Euro/Real Brasileiro', '5.13', '25.63', 'Real'];\ncy.getByTestId(_constants.BTN_DELETE_TEST_ID).first().click().should('not.exist');\nconst deleteBtn = 1;\ncy.get('tbody tr td').should('have.length', expectedTableRow.length + deleteBtn);\ncy.wrap(expectedTableRow).each(expectedValue => {\n  cy.get('tbody tr td').contains(expectedValue);\n});\nconst expectedExpenses = [_objectSpread(_objectSpread({}, _constants.initialExpenses[1]), {}, {\n  id: 1,\n  exchangeRates: _data.mockData\n})];\ncy.window().its('store').invoke('getState').its('wallet.expenses').should('deep.equal', expectedExpenses);",
              "err": {
                "message": "AssertionError: Timed out retrying after 10050ms: Expected <button> not to exist in the DOM, but it was continuously found.",
                "estack": "AssertionError: Timed out retrying after 10050ms: Expected <button> not to exist in the DOM, but it was continuously found.\n    at Context.eval (http://localhost:3000/__cypress/tests?p=cypress/integration/08.DeleteExpense_spec.js:177:67)",
                "diff": null
              },
              "uuid": "7b549084-2131-4cce-b60d-bfbb6077e593",
              "parentUUID": "2d4a5aaf-2559-4cee-a438-8774bf01f9cb",
              "isHook": false,
              "skipped": false
            },
            {
              "title": "Ao clicar no botão para remover uma despesa, o valor correspondente deve ser subtraído e a despesa total deve ser atualizada no header",
              "fullTitle": "8 - Crie um botão para deletar uma despesa da tabela contendo as seguintes características: Ao clicar no botão para remover uma despesa, o valor correspondente deve ser subtraído e a despesa total deve ser atualizada no header",
              "timedOut": null,
              "duration": 13288,
              "state": "failed",
              "speed": null,
              "pass": false,
              "fail": true,
              "pending": false,
              "context": null,
              "code": "cy.getByTestId(_constants.TOTAL_FIELD_TEST_ID).should('have.text', '73.16');\ncy.getByTestId(_constants.BTN_DELETE_TEST_ID).first().click();\ncy.getByTestId(_constants.TOTAL_FIELD_TEST_ID).should('have.text', '25.63');\ncy.getByTestId(_constants.BTN_DELETE_TEST_ID).first().click();\ncy.getByTestId(_constants.TOTAL_FIELD_TEST_ID).should('have.text', '0.00');",
              "err": {
                "message": "AssertionError: Timed out retrying after 10000ms: expected '<span>' to have text '25.63', but the text was '73.16'",
                "estack": "AssertionError: Timed out retrying after 10000ms: expected '<span>' to have text '25.63', but the text was '73.16'\n    at Context.eval (http://localhost:3000/__cypress/tests?p=cypress/integration/08.DeleteExpense_spec.js:192:52)",
                "diff": "- '73.16'\n+ '25.63'\n"
              },
              "uuid": "f6f0136d-73a0-42ed-b9fe-2f79e1b1b8a7",
              "parentUUID": "2d4a5aaf-2559-4cee-a438-8774bf01f9cb",
              "isHook": false,
              "skipped": false
            }
          ],
          "suites": [],
          "passes": [
            "e416a32a-ae73-4609-8115-f4e065b39eec"
          ],
          "failures": [
            "7b549084-2131-4cce-b60d-bfbb6077e593",
            "f6f0136d-73a0-42ed-b9fe-2f79e1b1b8a7"
          ],
          "pending": [],
          "skipped": [],
          "duration": 30921,
          "root": false,
          "rootEmpty": false,
          "_timeout": 2000
        }
      ],
      "passes": [],
      "failures": [],
      "pending": [],
      "skipped": [],
      "duration": 0,
      "root": true,
      "rootEmpty": true,
      "_timeout": 2000
    }
  ],
  "meta": {
    "mocha": {
      "version": "7.0.1"
    },
    "mochawesome": {
      "options": {
        "quiet": false,
        "reportFilename": "mochawesome",
        "saveHtml": false,
        "saveJson": true,
        "consoleReporter": "spec",
        "useInlineDiffs": false,
        "code": true
      },
      "version": "7.1.3"
    },
    "marge": {
      "options": {
        "id": "default",
        "reportDir": "cypress/reports",
        "overwrite": false,
        "html": false,
        "json": true
      },
      "version": "6.2.0"
    }
  }
}