{
  "stats": {
    "suites": 1,
    "tests": 4,
    "passes": 3,
    "pending": 0,
    "failures": 1,
    "start": "2022-08-02T15:03:53.517Z",
    "end": "2022-08-02T15:04:20.735Z",
    "duration": 27218,
    "testsRegistered": 4,
    "passPercent": 75,
    "pendingPercent": 0,
    "other": 0,
    "hasOther": false,
    "skipped": 0,
    "hasSkipped": false
  },
  "results": [
    {
      "uuid": "ce2ae8fb-52a5-4201-8d00-01aa0116b7bf",
      "title": "",
      "fullFile": "cypress/integration/04.SaveExpensesForm_spec.js",
      "file": "cypress/integration/04.SaveExpensesForm_spec.js",
      "beforeHooks": [],
      "afterHooks": [],
      "tests": [],
      "suites": [
        {
          "uuid": "b1ed64f5-abdf-4176-a148-a7b934d05629",
          "title": "4 - Salve todas as informações do formulário no estado global",
          "fullFile": "",
          "file": "",
          "beforeHooks": [],
          "afterHooks": [],
          "tests": [
            {
              "title": "Adiciona uma despesa e verifica se a soma de despesas do header foi atualizada e os inputs voltaram ao valor inicial",
              "fullTitle": "4 - Salve todas as informações do formulário no estado global Adiciona uma despesa e verifica se a soma de despesas do header foi atualizada e os inputs voltaram ao valor inicial",
              "timedOut": null,
              "duration": 15927,
              "state": "failed",
              "speed": null,
              "pass": false,
              "fail": true,
              "pending": false,
              "context": null,
              "code": "const expense = {\n  value: '11',\n  currency: 'USD',\n  method: 'Cartão de crédito',\n  tag: 'Lazer',\n  description: 'Onze dólares'\n};\n(0, _helperFunctions.addExpense)(expense);\ncy.getByTestId(_constants.TOTAL_FIELD_TEST_ID).should('have.text', '52.28');\ncy.getByTestId(_constants.VALUE_INPUT_TEST_ID).should('have.value', '');\ncy.getByTestId(_constants.DESCRIPTION_INPUT_TEST_ID).should('have.value', '');",
              "err": {
                "message": "AssertionError: Timed out retrying after 10000ms: expected '<span>' to have text '52.28', but the text was '0.00'",
                "estack": "AssertionError: Timed out retrying after 10000ms: expected '<span>' to have text '52.28', but the text was '0.00'\n    at Context.eval (http://localhost:3000/__cypress/tests?p=cypress/integration/04.SaveExpensesForm_spec.js:179:52)",
                "diff": "- '0.00'\n+ '52.28'\n"
              },
              "uuid": "7424bad8-e4c3-4b67-9939-9ac93750c78e",
              "parentUUID": "b1ed64f5-abdf-4176-a148-a7b934d05629",
              "isHook": false,
              "skipped": false
            },
            {
              "title": "Adiciona uma despesa e verifica se a despesa foi salva no estado global",
              "fullTitle": "4 - Salve todas as informações do formulário no estado global Adiciona uma despesa e verifica se a despesa foi salva no estado global",
              "timedOut": null,
              "duration": 2375,
              "state": "passed",
              "speed": "fast",
              "pass": true,
              "fail": false,
              "pending": false,
              "context": null,
              "code": "const expense = {\n  value: '11',\n  currency: 'USD',\n  method: 'Cartão de crédito',\n  tag: 'Lazer',\n  description: 'Onze dólares'\n};\n(0, _helperFunctions.addExpense)(expense);\ncy.window().its('store').invoke('getState').its('wallet.expenses').should('deep.equal', [_objectSpread(_objectSpread({}, expense), {}, {\n  id: 0,\n  exchangeRates: _data.mockData\n})]);",
              "err": {},
              "uuid": "ee0609cc-e5c3-4298-be29-656af9945299",
              "parentUUID": "b1ed64f5-abdf-4176-a148-a7b934d05629",
              "isHook": false,
              "skipped": false
            },
            {
              "title": "Verifica se a API é chamada a cada vez que o botão 'Adicionar despesa' é clicado",
              "fullTitle": "4 - Salve todas as informações do formulário no estado global Verifica se a API é chamada a cada vez que o botão 'Adicionar despesa' é clicado",
              "timedOut": null,
              "duration": 3209,
              "state": "passed",
              "speed": "fast",
              "pass": true,
              "fail": false,
              "pending": false,
              "context": null,
              "code": "const expense = {\n  value: '11',\n  currency: 'USD',\n  method: 'Cartão de crédito',\n  tag: 'Lazer',\n  description: 'Onze dólares'\n};\ncy.get('@mockFetch').should('be.calledOnce');\n(0, _helperFunctions.addExpense)(expense);\ncy.get('@mockFetch').should('be.calledTwice');\n(0, _helperFunctions.addExpense)(expense);\ncy.get('@mockFetch').should('be.calledThrice');",
              "err": {},
              "uuid": "57d0f656-5c10-4951-9fda-2984011c80c3",
              "parentUUID": "b1ed64f5-abdf-4176-a148-a7b934d05629",
              "isHook": false,
              "skipped": false
            },
            {
              "title": "Adiciona duas despesas e verifica se o estado global e header foram atualizados",
              "fullTitle": "4 - Salve todas as informações do formulário no estado global Adiciona duas despesas e verifica se o estado global e header foram atualizados",
              "timedOut": null,
              "duration": 3326,
              "state": "passed",
              "speed": "fast",
              "pass": true,
              "fail": false,
              "pending": false,
              "context": null,
              "code": "const firstExpense = {\n  id: 0,\n  value: '11',\n  currency: 'USD',\n  method: 'Cartão de crédito',\n  tag: 'Lazer',\n  description: 'Onze dólares',\n  exchangeRates: _data.mockData\n};\n(0, _helperFunctions.addExpense)(firstExpense);\ncy.window().its('store').invoke('getState').its('wallet.expenses').should('deep.equal', [firstExpense]);\nconst secondExpense = {\n  id: 1,\n  value: '20',\n  currency: 'EUR',\n  method: 'Cartão de débito',\n  tag: 'Trabalho',\n  description: 'Vinte euros',\n  exchangeRates: _data.mockData\n};\n(0, _helperFunctions.addExpense)(secondExpense);\ncy.window().its('store').invoke('getState').its('wallet.expenses').should('deep.equal', [firstExpense, secondExpense]);\ncy.getByTestId(_constants.TOTAL_FIELD_TEST_ID).should('have.text', '154.82');",
              "err": {},
              "uuid": "54f04953-b37e-4667-ace9-59dcb1a84a39",
              "parentUUID": "b1ed64f5-abdf-4176-a148-a7b934d05629",
              "isHook": false,
              "skipped": false
            }
          ],
          "suites": [],
          "passes": [
            "ee0609cc-e5c3-4298-be29-656af9945299",
            "57d0f656-5c10-4951-9fda-2984011c80c3",
            "54f04953-b37e-4667-ace9-59dcb1a84a39"
          ],
          "failures": [
            "7424bad8-e4c3-4b67-9939-9ac93750c78e"
          ],
          "pending": [],
          "skipped": [],
          "duration": 24837,
          "root": false,
          "rootEmpty": false,
          "_timeout": 2000
        }
      ],
      "passes": [],
      "failures": [],
      "pending": [],
      "skipped": [],
      "duration": 0,
      "root": true,
      "rootEmpty": true,
      "_timeout": 2000
    }
  ],
  "meta": {
    "mocha": {
      "version": "7.0.1"
    },
    "mochawesome": {
      "options": {
        "quiet": false,
        "reportFilename": "mochawesome",
        "saveHtml": false,
        "saveJson": true,
        "consoleReporter": "spec",
        "useInlineDiffs": false,
        "code": true
      },
      "version": "7.1.3"
    },
    "marge": {
      "options": {
        "id": "default",
        "reportDir": "cypress/reports",
        "overwrite": false,
        "html": false,
        "json": true
      },
      "version": "6.2.0"
    }
  }
}