{
  "stats": {
    "suites": 1,
    "tests": 1,
    "passes": 0,
    "pending": 0,
    "failures": 1,
    "start": "2022-08-02T15:06:45.294Z",
    "end": "2022-08-02T15:06:50.764Z",
    "duration": 5470,
    "testsRegistered": 1,
    "passPercent": 0,
    "pendingPercent": 0,
    "other": 0,
    "hasOther": false,
    "skipped": 0,
    "hasSkipped": false
  },
  "results": [
    {
      "uuid": "84f0dea1-7bba-405e-838d-70fa5d2a1f14",
      "title": "",
      "fullFile": "cypress/integration/secrets/01.Startest_spec.js",
      "file": "cypress/integration/secrets/01.Startest_spec.js",
      "beforeHooks": [],
      "afterHooks": [],
      "tests": [],
      "suites": [
        {
          "uuid": "5de8a4c7-da6d-4090-9cac-87fdb9a61bf5",
          "title": "Requisito 1 Startest n칚o avaliativo",
          "fullFile": "",
          "file": "",
          "beforeHooks": [],
          "afterHooks": [],
          "tests": [
            {
              "title": "游 Startest - Desenvolva os testes automatizados do requisito 1",
              "fullTitle": "Requisito 1 Startest n칚o avaliativo 游 Startest - Desenvolva os testes automatizados do requisito 1",
              "timedOut": null,
              "duration": 5285,
              "state": "failed",
              "speed": null,
              "pass": false,
              "fail": true,
              "pending": false,
              "context": null,
              "code": "const loginStartest = new _startest.default({\n  testFileName: '01.star.test.js',\n  componentPath: 'src/pages/Login',\n  mockName: 'Login',\n  defaultProps: {\n    initialRoute: '/',\n    emailTestId: _constants.EMAIL_INPUT_TEST_ID,\n    passwordTestId: _constants.PASSWORD_INPUT_TEST_ID,\n    btnText: 'Entrar',\n    btnAlwaysEnabled: false,\n    emailAlwaysInvalid: false,\n    passwordAlwaysInvalid: false,\n    minPasswordLength: 6,\n    emailValidationBug: false,\n    shouldDispatch: true,\n    onSubmitRedirect: '/carteira'\n  }\n});\nconst testCases = [{\n  initialRoute: '/invalidRoute'\n}, {\n  emailTestId: ''\n}, {\n  passwordTestId: ''\n}, {\n  btnText: ''\n}, {\n  btnAlwaysEnabled: true\n}, {\n  emailAlwaysInvalid: true\n}, {\n  passwordAlwaysInvalid: true\n}, {\n  minPasswordLength: 0,\n  emailValidationBug: true\n}, {\n  emailValidationBug: true\n}, {\n  minPasswordLength: 0\n}, {\n  shouldDispatch: false\n}, {\n  onSubmitRedirect: '/'\n}];\nconst logCreators = {\n  btnText: 'Texto do bot칚o',\n  initialRoute: 'Rota inicial',\n  btnAlwaysEnabled: () => 'Bot칚o est치 sempre habilitado',\n  emailAlwaysInvalid: () => 'Valida칞칚o do email nunca funciona',\n  passwordAlwaysInvalid: () => 'Valida칞칚o da senha nunca funciona',\n  minPasswordLength: () => 'Valida칞칚o da senha n칚o est치 funcionando corretamente',\n  emailValidationBug: () => 'Valida칞칚o do email n칚o est치 funcionando corretamente',\n  shouldDispatch: () => 'Email n칚o foi salvo na store',\n  onSubmitRedirect: 'Redirecionamento ap칩s o submit'\n};\nawait loginStartest.runTestCases(testCases, logCreators);",
              "err": {
                "message": "[Startest Error]: 游뚿 Teste inicial falhou 游뚿\n\nCommand failed: npm test 01.star.test.js -- --watchAll=false --json --testFailureExitCode=0 --setupFilesAfterEnv \"<rootDir>/cypress/startest/jestSetup.js\"\nNo tests found, exiting with code 1\nRun with `--passWithNoTests` to exit with code 0\nIn /home/gelso/projetos/sd-022-b-project-trybewallet\n  17 files checked.\n  testMatch: /home/gelso/projetos/sd-022-b-project-trybewallet/src/**/__tests__/**/*.{js,jsx,ts,tsx}, /home/gelso/projetos/sd-022-b-project-trybewallet/src/**/*.{spec,test}.{js,jsx,ts,tsx} - 0 matches\n  testPathIgnorePatterns: /node_modules/ - 17 matches\n  testRegex:  - 0 matches\nPattern: 01.star.test.js - 0 matches\nnpm ERR! Test failed.  See above for more details.\n",
                "estack": "[Startest Error]: 游뚿 Teste inicial falhou 游뚿\n\nCommand failed: npm test 01.star.test.js -- --watchAll=false --json --testFailureExitCode=0 --setupFilesAfterEnv \"<rootDir>/cypress/startest/jestSetup.js\"\nNo tests found, exiting with code 1\nRun with `--passWithNoTests` to exit with code 0\nIn /home/gelso/projetos/sd-022-b-project-trybewallet\n  17 files checked.\n  testMatch: /home/gelso/projetos/sd-022-b-project-trybewallet/src/**/__tests__/**/*.{js,jsx,ts,tsx}, /home/gelso/projetos/sd-022-b-project-trybewallet/src/**/*.{spec,test}.{js,jsx,ts,tsx} - 0 matches\n  testPathIgnorePatterns: /node_modules/ - 17 matches\n  testRegex:  - 0 matches\nPattern: 01.star.test.js - 0 matches\nnpm ERR! Test failed.  See above for more details.\n\n    at Startest.showTestResult (http://localhost:39195/__cypress/tests?p=cypress/integration/secrets/01.Startest_spec.js:835:13)\n    at async Context.eval (http://localhost:39195/__cypress/tests?p=cypress/integration/secrets/01.Startest_spec.js:374:5)",
                "diff": null
              },
              "uuid": "1c0ab1ec-1829-408c-8e54-b76569a1a0c9",
              "parentUUID": "5de8a4c7-da6d-4090-9cac-87fdb9a61bf5",
              "isHook": false,
              "skipped": false
            }
          ],
          "suites": [],
          "passes": [],
          "failures": [
            "1c0ab1ec-1829-408c-8e54-b76569a1a0c9"
          ],
          "pending": [],
          "skipped": [],
          "duration": 5285,
          "root": false,
          "rootEmpty": false,
          "_timeout": 2000
        }
      ],
      "passes": [],
      "failures": [],
      "pending": [],
      "skipped": [],
      "duration": 0,
      "root": true,
      "rootEmpty": true,
      "_timeout": 2000
    }
  ],
  "meta": {
    "mocha": {
      "version": "7.0.1"
    },
    "mochawesome": {
      "options": {
        "quiet": false,
        "reportFilename": "mochawesome",
        "saveHtml": false,
        "saveJson": true,
        "consoleReporter": "spec",
        "useInlineDiffs": false,
        "code": true
      },
      "version": "7.1.3"
    },
    "marge": {
      "options": {
        "id": "default",
        "reportDir": "cypress/reports",
        "overwrite": false,
        "html": false,
        "json": true
      },
      "version": "6.2.0"
    }
  }
}