{
  "stats": {
    "suites": 1,
    "tests": 4,
    "passes": 0,
    "pending": 0,
    "failures": 4,
    "start": "2022-08-02T14:58:38.025Z",
    "end": "2022-08-02T14:59:03.352Z",
    "duration": 25327,
    "testsRegistered": 4,
    "passPercent": 0,
    "pendingPercent": 0,
    "other": 0,
    "hasOther": false,
    "skipped": 0,
    "hasSkipped": false
  },
  "results": [
    {
      "uuid": "12ff4c2d-4f02-4aa6-b8a5-0e2b3e8ccb3d",
      "title": "",
      "fullFile": "cypress/integration/05.TestCoverage_spec.js",
      "file": "cypress/integration/05.TestCoverage_spec.js",
      "beforeHooks": [],
      "afterHooks": [],
      "tests": [],
      "suites": [
        {
          "uuid": "b88ad73e-47b5-45b0-b13c-847375fd5230",
          "title": "5 - Desenvolva testes para atingir 60% de cobertura total da aplicação",
          "fullFile": "",
          "file": "",
          "beforeHooks": [],
          "afterHooks": [],
          "tests": [
            {
              "title": "Cobertura de \"Statements\" total deverá ser maior ou igual a 60.",
              "fullTitle": "5 - Desenvolva testes para atingir 60% de cobertura total da aplicação Cobertura de \"Statements\" total deverá ser maior ou igual a 60.",
              "timedOut": null,
              "duration": 10399,
              "state": "failed",
              "speed": null,
              "pass": false,
              "fail": true,
              "pending": false,
              "context": null,
              "code": "cy.task('getCoverage', (0, _getId.getId)()).its('total.statements.pct', {\n  timeout: 0\n}).should('be.gte', 60.00);",
              "err": {
                "message": "CypressError: `cy.task('getCoverage')` failed with the following error:\n\n> Command failed: npm run test-coverage -- --coverageReporters=\"json-summary\" --testFailureExitCode=0\nnpm ERR! code ELIFECYCLE\nnpm ERR! errno 1\nnpm ERR! sd-0x-project-trybewallet@0.1.0 test-coverage: `react-scripts test --coverage --watchAll=false \"--coverageReporters=json-summary\" \"--testFailureExitCode=0\"`\nnpm ERR! Exit status 1\nnpm ERR! \nnpm ERR! Failed at the sd-0x-project-trybewallet@0.1.0 test-coverage script.\nnpm ERR! This is probably not a problem with npm. There is likely additional logging output above.\n\nnpm ERR! A complete log of this run can be found in:\nnpm ERR!     /home/gelso/.npm/_logs/2022-08-02T14_58_48_223Z-debug.log\n\n\nhttps://on.cypress.io/api/task",
                "estack": "CypressError: `cy.task('getCoverage')` failed with the following error:\n\n> Command failed: npm run test-coverage -- --coverageReporters=\"json-summary\" --testFailureExitCode=0\nnpm ERR! code ELIFECYCLE\nnpm ERR! errno 1\nnpm ERR! sd-0x-project-trybewallet@0.1.0 test-coverage: `react-scripts test --coverage --watchAll=false \"--coverageReporters=json-summary\" \"--testFailureExitCode=0\"`\nnpm ERR! Exit status 1\nnpm ERR! \nnpm ERR! Failed at the sd-0x-project-trybewallet@0.1.0 test-coverage script.\nnpm ERR! This is probably not a problem with npm. There is likely additional logging output above.\n\nnpm ERR! A complete log of this run can be found in:\nnpm ERR!     /home/gelso/.npm/_logs/2022-08-02T14_58_48_223Z-debug.log\n\n\nhttps://on.cypress.io/api/task\n    at http://localhost:43217/__cypress/runner/cypress_runner.js:167117:78\n    at tryCatcher (http://localhost:43217/__cypress/runner/cypress_runner.js:13022:23)\n    at Promise._settlePromiseFromHandler (http://localhost:43217/__cypress/runner/cypress_runner.js:10957:31)\n    at Promise._settlePromise (http://localhost:43217/__cypress/runner/cypress_runner.js:11014:18)\n    at Promise._settlePromise0 (http://localhost:43217/__cypress/runner/cypress_runner.js:11059:10)\n    at Promise._settlePromises (http://localhost:43217/__cypress/runner/cypress_runner.js:11135:18)\n    at _drainQueueStep (http://localhost:43217/__cypress/runner/cypress_runner.js:7729:12)\n    at _drainQueue (http://localhost:43217/__cypress/runner/cypress_runner.js:7722:9)\n    at Async.../../node_modules/bluebird/js/release/async.js.Async._drainQueues (http://localhost:43217/__cypress/runner/cypress_runner.js:7738:5)\n    at Async.drainQueues (http://localhost:43217/__cypress/runner/cypress_runner.js:7608:14)\nFrom Your Spec Code:\n    at Context.eval (http://localhost:43217/__cypress/tests?p=cypress/integration/05.TestCoverage_spec.js:103:8)\n\nFrom Node.js Internals:\n  Error: Command failed: npm run test-coverage -- --coverageReporters=\"json-summary\" --testFailureExitCode=0\n  npm ERR! code ELIFECYCLE\n  npm ERR! errno 1\n  npm ERR! sd-0x-project-trybewallet@0.1.0 test-coverage: `react-scripts test --coverage --watchAll=false \"--coverageReporters=json-summary\" \"--testFailureExitCode=0\"`\n  npm ERR! Exit status 1\n  npm ERR! \n  npm ERR! Failed at the sd-0x-project-trybewallet@0.1.0 test-coverage script.\n  npm ERR! This is probably not a problem with npm. There is likely additional logging output above.\n  \n  npm ERR! A complete log of this run can be found in:\n  npm ERR!     /home/gelso/.npm/_logs/2022-08-02T14_58_48_223Z-debug.log\n  \n      at ChildProcess.exithandler (child_process.js:294:12)\n      at ChildProcess.emit (events.js:198:13)\n      at maybeClose (internal/child_process.js:982:16)\n      at Process.ChildProcess._handle.onexit (internal/child_process.js:259:5)",
                "diff": null
              },
              "uuid": "b7d97a78-b183-4103-8a5d-7adf2c83fa0b",
              "parentUUID": "b88ad73e-47b5-45b0-b13c-847375fd5230",
              "isHook": false,
              "skipped": false
            },
            {
              "title": "Cobertura de \"Functions\" total deverá ser maior ou igual a 60.",
              "fullTitle": "5 - Desenvolva testes para atingir 60% de cobertura total da aplicação Cobertura de \"Functions\" total deverá ser maior ou igual a 60.",
              "timedOut": null,
              "duration": 5520,
              "state": "failed",
              "speed": null,
              "pass": false,
              "fail": true,
              "pending": false,
              "context": null,
              "code": "cy.task('getCoverage', (0, _getId.getId)()).its('total.functions.pct', {\n  timeout: 0\n}).should('be.gte', 60.00);",
              "err": {
                "message": "CypressError: `cy.task('getCoverage')` failed with the following error:\n\n> Command failed: npm run test-coverage -- --coverageReporters=\"json-summary\" --testFailureExitCode=0\nnpm ERR! code ELIFECYCLE\nnpm ERR! errno 1\nnpm ERR! sd-0x-project-trybewallet@0.1.0 test-coverage: `react-scripts test --coverage --watchAll=false \"--coverageReporters=json-summary\" \"--testFailureExitCode=0\"`\nnpm ERR! Exit status 1\nnpm ERR! \nnpm ERR! Failed at the sd-0x-project-trybewallet@0.1.0 test-coverage script.\nnpm ERR! This is probably not a problem with npm. There is likely additional logging output above.\n\nnpm ERR! A complete log of this run can be found in:\nnpm ERR!     /home/gelso/.npm/_logs/2022-08-02T14_58_53_858Z-debug.log\n\n\nhttps://on.cypress.io/api/task",
                "estack": "CypressError: `cy.task('getCoverage')` failed with the following error:\n\n> Command failed: npm run test-coverage -- --coverageReporters=\"json-summary\" --testFailureExitCode=0\nnpm ERR! code ELIFECYCLE\nnpm ERR! errno 1\nnpm ERR! sd-0x-project-trybewallet@0.1.0 test-coverage: `react-scripts test --coverage --watchAll=false \"--coverageReporters=json-summary\" \"--testFailureExitCode=0\"`\nnpm ERR! Exit status 1\nnpm ERR! \nnpm ERR! Failed at the sd-0x-project-trybewallet@0.1.0 test-coverage script.\nnpm ERR! This is probably not a problem with npm. There is likely additional logging output above.\n\nnpm ERR! A complete log of this run can be found in:\nnpm ERR!     /home/gelso/.npm/_logs/2022-08-02T14_58_53_858Z-debug.log\n\n\nhttps://on.cypress.io/api/task\n    at http://localhost:43217/__cypress/runner/cypress_runner.js:167117:78\n    at tryCatcher (http://localhost:43217/__cypress/runner/cypress_runner.js:13022:23)\n    at Promise._settlePromiseFromHandler (http://localhost:43217/__cypress/runner/cypress_runner.js:10957:31)\n    at Promise._settlePromise (http://localhost:43217/__cypress/runner/cypress_runner.js:11014:18)\n    at Promise._settlePromise0 (http://localhost:43217/__cypress/runner/cypress_runner.js:11059:10)\n    at Promise._settlePromises (http://localhost:43217/__cypress/runner/cypress_runner.js:11135:18)\n    at _drainQueueStep (http://localhost:43217/__cypress/runner/cypress_runner.js:7729:12)\n    at _drainQueue (http://localhost:43217/__cypress/runner/cypress_runner.js:7722:9)\n    at Async.../../node_modules/bluebird/js/release/async.js.Async._drainQueues (http://localhost:43217/__cypress/runner/cypress_runner.js:7738:5)\n    at Async.drainQueues (http://localhost:43217/__cypress/runner/cypress_runner.js:7608:14)\nFrom Your Spec Code:\n    at Context.eval (http://localhost:43217/__cypress/tests?p=cypress/integration/05.TestCoverage_spec.js:108:8)\n\nFrom Node.js Internals:\n  Error: Command failed: npm run test-coverage -- --coverageReporters=\"json-summary\" --testFailureExitCode=0\n  npm ERR! code ELIFECYCLE\n  npm ERR! errno 1\n  npm ERR! sd-0x-project-trybewallet@0.1.0 test-coverage: `react-scripts test --coverage --watchAll=false \"--coverageReporters=json-summary\" \"--testFailureExitCode=0\"`\n  npm ERR! Exit status 1\n  npm ERR! \n  npm ERR! Failed at the sd-0x-project-trybewallet@0.1.0 test-coverage script.\n  npm ERR! This is probably not a problem with npm. There is likely additional logging output above.\n  \n  npm ERR! A complete log of this run can be found in:\n  npm ERR!     /home/gelso/.npm/_logs/2022-08-02T14_58_53_858Z-debug.log\n  \n      at ChildProcess.exithandler (child_process.js:294:12)\n      at ChildProcess.emit (events.js:198:13)\n      at maybeClose (internal/child_process.js:982:16)\n      at Socket.stream.socket.on (internal/child_process.js:389:11)\n      at Socket.emit (events.js:198:13)\n      at Pipe._handle.close (net.js:607:12)",
                "diff": null
              },
              "uuid": "7cb6c71c-eb35-47ec-8805-6ee8a537d0a8",
              "parentUUID": "b88ad73e-47b5-45b0-b13c-847375fd5230",
              "isHook": false,
              "skipped": false
            },
            {
              "title": "Cobertura de \"Branches\" total deverá ser maior ou igual a 60.",
              "fullTitle": "5 - Desenvolva testes para atingir 60% de cobertura total da aplicação Cobertura de \"Branches\" total deverá ser maior ou igual a 60.",
              "timedOut": null,
              "duration": 4676,
              "state": "failed",
              "speed": null,
              "pass": false,
              "fail": true,
              "pending": false,
              "context": null,
              "code": "cy.task('getCoverage', (0, _getId.getId)()).its('total.branches.pct', {\n  timeout: 0\n}).should('be.gte', 60.00);",
              "err": {
                "message": "CypressError: `cy.task('getCoverage')` failed with the following error:\n\n> Command failed: npm run test-coverage -- --coverageReporters=\"json-summary\" --testFailureExitCode=0\nnpm ERR! code ELIFECYCLE\nnpm ERR! errno 1\nnpm ERR! sd-0x-project-trybewallet@0.1.0 test-coverage: `react-scripts test --coverage --watchAll=false \"--coverageReporters=json-summary\" \"--testFailureExitCode=0\"`\nnpm ERR! Exit status 1\nnpm ERR! \nnpm ERR! Failed at the sd-0x-project-trybewallet@0.1.0 test-coverage script.\nnpm ERR! This is probably not a problem with npm. There is likely additional logging output above.\n\nnpm ERR! A complete log of this run can be found in:\nnpm ERR!     /home/gelso/.npm/_logs/2022-08-02T14_58_58_713Z-debug.log\n\n\nhttps://on.cypress.io/api/task",
                "estack": "CypressError: `cy.task('getCoverage')` failed with the following error:\n\n> Command failed: npm run test-coverage -- --coverageReporters=\"json-summary\" --testFailureExitCode=0\nnpm ERR! code ELIFECYCLE\nnpm ERR! errno 1\nnpm ERR! sd-0x-project-trybewallet@0.1.0 test-coverage: `react-scripts test --coverage --watchAll=false \"--coverageReporters=json-summary\" \"--testFailureExitCode=0\"`\nnpm ERR! Exit status 1\nnpm ERR! \nnpm ERR! Failed at the sd-0x-project-trybewallet@0.1.0 test-coverage script.\nnpm ERR! This is probably not a problem with npm. There is likely additional logging output above.\n\nnpm ERR! A complete log of this run can be found in:\nnpm ERR!     /home/gelso/.npm/_logs/2022-08-02T14_58_58_713Z-debug.log\n\n\nhttps://on.cypress.io/api/task\n    at http://localhost:43217/__cypress/runner/cypress_runner.js:167117:78\n    at tryCatcher (http://localhost:43217/__cypress/runner/cypress_runner.js:13022:23)\n    at Promise._settlePromiseFromHandler (http://localhost:43217/__cypress/runner/cypress_runner.js:10957:31)\n    at Promise._settlePromise (http://localhost:43217/__cypress/runner/cypress_runner.js:11014:18)\n    at Promise._settlePromise0 (http://localhost:43217/__cypress/runner/cypress_runner.js:11059:10)\n    at Promise._settlePromises (http://localhost:43217/__cypress/runner/cypress_runner.js:11135:18)\n    at _drainQueueStep (http://localhost:43217/__cypress/runner/cypress_runner.js:7729:12)\n    at _drainQueue (http://localhost:43217/__cypress/runner/cypress_runner.js:7722:9)\n    at Async.../../node_modules/bluebird/js/release/async.js.Async._drainQueues (http://localhost:43217/__cypress/runner/cypress_runner.js:7738:5)\n    at Async.drainQueues (http://localhost:43217/__cypress/runner/cypress_runner.js:7608:14)\nFrom Your Spec Code:\n    at Context.eval (http://localhost:43217/__cypress/tests?p=cypress/integration/05.TestCoverage_spec.js:113:8)\n\nFrom Node.js Internals:\n  Error: Command failed: npm run test-coverage -- --coverageReporters=\"json-summary\" --testFailureExitCode=0\n  npm ERR! code ELIFECYCLE\n  npm ERR! errno 1\n  npm ERR! sd-0x-project-trybewallet@0.1.0 test-coverage: `react-scripts test --coverage --watchAll=false \"--coverageReporters=json-summary\" \"--testFailureExitCode=0\"`\n  npm ERR! Exit status 1\n  npm ERR! \n  npm ERR! Failed at the sd-0x-project-trybewallet@0.1.0 test-coverage script.\n  npm ERR! This is probably not a problem with npm. There is likely additional logging output above.\n  \n  npm ERR! A complete log of this run can be found in:\n  npm ERR!     /home/gelso/.npm/_logs/2022-08-02T14_58_58_713Z-debug.log\n  \n      at ChildProcess.exithandler (child_process.js:294:12)\n      at ChildProcess.emit (events.js:198:13)\n      at maybeClose (internal/child_process.js:982:16)\n      at Process.ChildProcess._handle.onexit (internal/child_process.js:259:5)",
                "diff": null
              },
              "uuid": "c50d3a6a-9401-4014-981a-541f7edf866d",
              "parentUUID": "b88ad73e-47b5-45b0-b13c-847375fd5230",
              "isHook": false,
              "skipped": false
            },
            {
              "title": "Cobertura de \"Lines\" total deverá ser maior ou igual a 60.",
              "fullTitle": "5 - Desenvolva testes para atingir 60% de cobertura total da aplicação Cobertura de \"Lines\" total deverá ser maior ou igual a 60.",
              "timedOut": null,
              "duration": 4459,
              "state": "failed",
              "speed": null,
              "pass": false,
              "fail": true,
              "pending": false,
              "context": null,
              "code": "cy.task('getCoverage', (0, _getId.getId)()).its('total.lines.pct', {\n  timeout: 0\n}).should('be.gte', 60.00);",
              "err": {
                "message": "CypressError: `cy.task('getCoverage')` failed with the following error:\n\n> Command failed: npm run test-coverage -- --coverageReporters=\"json-summary\" --testFailureExitCode=0\nnpm ERR! code ELIFECYCLE\nnpm ERR! errno 1\nnpm ERR! sd-0x-project-trybewallet@0.1.0 test-coverage: `react-scripts test --coverage --watchAll=false \"--coverageReporters=json-summary\" \"--testFailureExitCode=0\"`\nnpm ERR! Exit status 1\nnpm ERR! \nnpm ERR! Failed at the sd-0x-project-trybewallet@0.1.0 test-coverage script.\nnpm ERR! This is probably not a problem with npm. There is likely additional logging output above.\n\nnpm ERR! A complete log of this run can be found in:\nnpm ERR!     /home/gelso/.npm/_logs/2022-08-02T14_59_03_175Z-debug.log\n\n\nhttps://on.cypress.io/api/task",
                "estack": "CypressError: `cy.task('getCoverage')` failed with the following error:\n\n> Command failed: npm run test-coverage -- --coverageReporters=\"json-summary\" --testFailureExitCode=0\nnpm ERR! code ELIFECYCLE\nnpm ERR! errno 1\nnpm ERR! sd-0x-project-trybewallet@0.1.0 test-coverage: `react-scripts test --coverage --watchAll=false \"--coverageReporters=json-summary\" \"--testFailureExitCode=0\"`\nnpm ERR! Exit status 1\nnpm ERR! \nnpm ERR! Failed at the sd-0x-project-trybewallet@0.1.0 test-coverage script.\nnpm ERR! This is probably not a problem with npm. There is likely additional logging output above.\n\nnpm ERR! A complete log of this run can be found in:\nnpm ERR!     /home/gelso/.npm/_logs/2022-08-02T14_59_03_175Z-debug.log\n\n\nhttps://on.cypress.io/api/task\n    at http://localhost:43217/__cypress/runner/cypress_runner.js:167117:78\n    at tryCatcher (http://localhost:43217/__cypress/runner/cypress_runner.js:13022:23)\n    at Promise._settlePromiseFromHandler (http://localhost:43217/__cypress/runner/cypress_runner.js:10957:31)\n    at Promise._settlePromise (http://localhost:43217/__cypress/runner/cypress_runner.js:11014:18)\n    at Promise._settlePromise0 (http://localhost:43217/__cypress/runner/cypress_runner.js:11059:10)\n    at Promise._settlePromises (http://localhost:43217/__cypress/runner/cypress_runner.js:11135:18)\n    at _drainQueueStep (http://localhost:43217/__cypress/runner/cypress_runner.js:7729:12)\n    at _drainQueue (http://localhost:43217/__cypress/runner/cypress_runner.js:7722:9)\n    at Async.../../node_modules/bluebird/js/release/async.js.Async._drainQueues (http://localhost:43217/__cypress/runner/cypress_runner.js:7738:5)\n    at Async.drainQueues (http://localhost:43217/__cypress/runner/cypress_runner.js:7608:14)\nFrom Your Spec Code:\n    at Context.eval (http://localhost:43217/__cypress/tests?p=cypress/integration/05.TestCoverage_spec.js:118:8)\n\nFrom Node.js Internals:\n  Error: Command failed: npm run test-coverage -- --coverageReporters=\"json-summary\" --testFailureExitCode=0\n  npm ERR! code ELIFECYCLE\n  npm ERR! errno 1\n  npm ERR! sd-0x-project-trybewallet@0.1.0 test-coverage: `react-scripts test --coverage --watchAll=false \"--coverageReporters=json-summary\" \"--testFailureExitCode=0\"`\n  npm ERR! Exit status 1\n  npm ERR! \n  npm ERR! Failed at the sd-0x-project-trybewallet@0.1.0 test-coverage script.\n  npm ERR! This is probably not a problem with npm. There is likely additional logging output above.\n  \n  npm ERR! A complete log of this run can be found in:\n  npm ERR!     /home/gelso/.npm/_logs/2022-08-02T14_59_03_175Z-debug.log\n  \n      at ChildProcess.exithandler (child_process.js:294:12)\n      at ChildProcess.emit (events.js:198:13)\n      at maybeClose (internal/child_process.js:982:16)\n      at Process.ChildProcess._handle.onexit (internal/child_process.js:259:5)",
                "diff": null
              },
              "uuid": "cea5db21-5cdd-4875-8d3b-997d13f0a0ab",
              "parentUUID": "b88ad73e-47b5-45b0-b13c-847375fd5230",
              "isHook": false,
              "skipped": false
            }
          ],
          "suites": [],
          "passes": [],
          "failures": [
            "b7d97a78-b183-4103-8a5d-7adf2c83fa0b",
            "7cb6c71c-eb35-47ec-8805-6ee8a537d0a8",
            "c50d3a6a-9401-4014-981a-541f7edf866d",
            "cea5db21-5cdd-4875-8d3b-997d13f0a0ab"
          ],
          "pending": [],
          "skipped": [],
          "duration": 25054,
          "root": false,
          "rootEmpty": false,
          "_timeout": 2000
        }
      ],
      "passes": [],
      "failures": [],
      "pending": [],
      "skipped": [],
      "duration": 0,
      "root": true,
      "rootEmpty": true,
      "_timeout": 2000
    }
  ],
  "meta": {
    "mocha": {
      "version": "7.0.1"
    },
    "mochawesome": {
      "options": {
        "quiet": false,
        "reportFilename": "mochawesome",
        "saveHtml": false,
        "saveJson": true,
        "consoleReporter": "spec",
        "useInlineDiffs": false,
        "code": true
      },
      "version": "7.1.3"
    },
    "marge": {
      "options": {
        "id": "default",
        "reportDir": "cypress/reports",
        "overwrite": false,
        "html": false,
        "json": true
      },
      "version": "6.2.0"
    }
  }
}